<?xml version="1.0" encoding="UTF-8"?>
<!-- Generated by org.testng.reporters.JUnitReportReporter -->
<testsuite skipped="0" hostname="ip-172-31-4-59" name="test.ListenerTest" tests="1" failures="0" timestamp="2021-02-26T05:29:01 UTC" time="0.011" errors="0">
  <testcase name="LoginTest" time="0.011" classname="test.ListenerTest"/>
  <system-out/>
</testsuite> <!-- test.ListenerTest -->
