<?xml version="1.0" encoding="UTF-8"?>
<!-- Generated by org.testng.reporters.JUnitReportReporter -->
<testsuite skipped="0" hostname="ip-172-31-4-59" name="test.TDDexample" tests="1" failures="0" timestamp="2021-03-02T03:36:52 UTC" time="19.575" errors="0">
  <testcase name="addtest" time="19.575" classname="test.TDDexample"/>
  <system-out/>
</testsuite> <!-- test.TDDexample -->
