<?xml version="1.0" encoding="UTF-8"?>
<!-- Generated by org.testng.reporters.JUnitReportReporter -->
<testsuite skipped="0" hostname="ip-172-31-4-59" name="test.testcase1" tests="1" failures="0" timestamp="01 Mar 2021 04:38:14 GMT" time="5.648" errors="0">
  <testcase name="Logintest" time="5.648" classname="test.testcase1"/>
</testsuite> <!-- test.testcase1 -->
