<?xml version="1.0" encoding="UTF-8"?>
<!-- Generated by org.testng.reporters.JUnitReportReporter -->
<testsuite skipped="0" hostname="ip-172-31-4-59" name="test.ListenerTest" tests="1" failures="0" timestamp="26 Feb 2021 06:49:08 GMT" time="0.009" errors="0">
  <testcase name="LoginTest" time="0.009" classname="test.ListenerTest"/>
</testsuite> <!-- test.ListenerTest -->
